<?xml version="1.0" encoding="UTF-8"?>
<testExecutions version="1">
  <file path="C:\Users\mfremo02\MARVEL_APP_OLD\src\pages\CompareCharactersPage.test.jsx">
  </file>
</testExecutions>