<?xml version="1.0" encoding="UTF-8"?>
<testExecutions version="1">
  <file path="C:\Users\mfremo02\MARVEL_APP_OLD\e2e-tests\footer-marvel.spec.js">
  </file>
  <file path="C:\Users\mfremo02\MARVEL_APP_OLD\e2e-tests\marvel.spec.js">
  </file>
</testExecutions>